<?xml version="1.0" encoding="UTF-8"?>
<testsuite xmlns:xsi="http://www.w3.org/2001/XMLSchema-instance" xsi:noNamespaceSchemaLocation="https://maven.apache.org/surefire/maven-surefire-plugin/xsd/surefire-test-report.xsd" name="com.little.anotherwebuploadtest.AnotherWebUploadtestApplicationTests" time="8.56" tests="1" errors="0" skipped="0" failures="0">
  <properties>
    <property name="sun.desktop" value="windows"/>
    <property name="awt.toolkit" value="sun.awt.windows.WToolkit"/>
    <property name="java.specification.version" value="11"/>
    <property name="sun.cpu.isalist" value="amd64"/>
    <property name="sun.jnu.encoding" value="GBK"/>
    <property name="java.class.path" value="F:\javaweb\videoweb\target\test-classes;F:\javaweb\videoweb\target\classes;F:\MAVEN_repository\org\springframework\boot\spring-boot-starter-data-jdbc\2.4.1\spring-boot-starter-data-jdbc-2.4.1.jar;F:\MAVEN_repository\org\springframework\data\spring-data-jdbc\2.1.2\spring-data-jdbc-2.1.2.jar;F:\MAVEN_repository\org\springframework\data\spring-data-relational\2.1.2\spring-data-relational-2.1.2.jar;F:\MAVEN_repository\org\springframework\data\spring-data-commons\2.4.2\spring-data-commons-2.4.2.jar;F:\MAVEN_repository\org\springframework\spring-tx\5.3.2\spring-tx-5.3.2.jar;F:\MAVEN_repository\org\springframework\spring-context\5.3.2\spring-context-5.3.2.jar;F:\MAVEN_repository\org\springframework\spring-beans\5.3.2\spring-beans-5.3.2.jar;F:\MAVEN_repository\org\slf4j\slf4j-api\1.7.30\slf4j-api-1.7.30.jar;F:\MAVEN_repository\org\springframework\boot\spring-boot-starter-data-jpa\2.4.1\spring-boot-starter-data-jpa-2.4.1.jar;F:\MAVEN_repository\org\springframework\boot\spring-boot-starter-aop\2.4.1\spring-boot-starter-aop-2.4.1.jar;F:\MAVEN_repository\org\springframework\spring-aop\5.3.2\spring-aop-5.3.2.jar;F:\MAVEN_repository\org\aspectj\aspectjweaver\1.9.6\aspectjweaver-1.9.6.jar;F:\MAVEN_repository\jakarta\transaction\jakarta.transaction-api\1.3.3\jakarta.transaction-api-1.3.3.jar;F:\MAVEN_repository\jakarta\persistence\jakarta.persistence-api\2.2.3\jakarta.persistence-api-2.2.3.jar;F:\MAVEN_repository\org\hibernate\hibernate-core\5.4.25.Final\hibernate-core-5.4.25.Final.jar;F:\MAVEN_repository\org\jboss\logging\jboss-logging\3.4.1.Final\jboss-logging-3.4.1.Final.jar;F:\MAVEN_repository\org\javassist\javassist\3.27.0-GA\javassist-3.27.0-GA.jar;F:\MAVEN_repository\net\bytebuddy\byte-buddy\1.10.18\byte-buddy-1.10.18.jar;F:\MAVEN_repository\antlr\antlr\2.7.7\antlr-2.7.7.jar;F:\MAVEN_repository\org\jboss\jandex\2.1.3.Final\jandex-2.1.3.Final.jar;F:\MAVEN_repository\com\fasterxml\classmate\1.5.1\classmate-1.5.1.jar;F:\MAVEN_repository\org\dom4j\dom4j\2.1.3\dom4j-2.1.3.jar;F:\MAVEN_repository\org\hibernate\common\hibernate-commons-annotations\5.1.2.Final\hibernate-commons-annotations-5.1.2.Final.jar;F:\MAVEN_repository\org\glassfish\jaxb\jaxb-runtime\2.3.3\jaxb-runtime-2.3.3.jar;F:\MAVEN_repository\org\glassfish\jaxb\txw2\2.3.3\txw2-2.3.3.jar;F:\MAVEN_repository\com\sun\istack\istack-commons-runtime\3.0.11\istack-commons-runtime-3.0.11.jar;F:\MAVEN_repository\com\sun\activation\jakarta.activation\1.2.2\jakarta.activation-1.2.2.jar;F:\MAVEN_repository\org\springframework\data\spring-data-jpa\2.4.2\spring-data-jpa-2.4.2.jar;F:\MAVEN_repository\org\springframework\spring-orm\5.3.2\spring-orm-5.3.2.jar;F:\MAVEN_repository\org\springframework\spring-aspects\5.3.2\spring-aspects-5.3.2.jar;F:\MAVEN_repository\org\springframework\boot\spring-boot-starter-jdbc\2.4.1\spring-boot-starter-jdbc-2.4.1.jar;F:\MAVEN_repository\org\springframework\boot\spring-boot-starter\2.4.1\spring-boot-starter-2.4.1.jar;F:\MAVEN_repository\org\springframework\boot\spring-boot\2.4.1\spring-boot-2.4.1.jar;F:\MAVEN_repository\org\springframework\boot\spring-boot-autoconfigure\2.4.1\spring-boot-autoconfigure-2.4.1.jar;F:\MAVEN_repository\org\springframework\boot\spring-boot-starter-logging\2.4.1\spring-boot-starter-logging-2.4.1.jar;F:\MAVEN_repository\ch\qos\logback\logback-classic\1.2.3\logback-classic-1.2.3.jar;F:\MAVEN_repository\ch\qos\logback\logback-core\1.2.3\logback-core-1.2.3.jar;F:\MAVEN_repository\org\apache\logging\log4j\log4j-to-slf4j\2.13.3\log4j-to-slf4j-2.13.3.jar;F:\MAVEN_repository\org\apache\logging\log4j\log4j-api\2.13.3\log4j-api-2.13.3.jar;F:\MAVEN_repository\org\slf4j\jul-to-slf4j\1.7.30\jul-to-slf4j-1.7.30.jar;F:\MAVEN_repository\jakarta\annotation\jakarta.annotation-api\1.3.5\jakarta.annotation-api-1.3.5.jar;F:\MAVEN_repository\org\yaml\snakeyaml\1.27\snakeyaml-1.27.jar;F:\MAVEN_repository\com\zaxxer\HikariCP\3.4.5\HikariCP-3.4.5.jar;F:\MAVEN_repository\org\springframework\spring-jdbc\5.3.2\spring-jdbc-5.3.2.jar;F:\MAVEN_repository\org\springframework\boot\spring-boot-starter-web\2.4.1\spring-boot-starter-web-2.4.1.jar;F:\MAVEN_repository\org\springframework\boot\spring-boot-starter-json\2.4.1\spring-boot-starter-json-2.4.1.jar;F:\MAVEN_repository\com\fasterxml\jackson\core\jackson-databind\2.11.3\jackson-databind-2.11.3.jar;F:\MAVEN_repository\com\fasterxml\jackson\core\jackson-annotations\2.11.3\jackson-annotations-2.11.3.jar;F:\MAVEN_repository\com\fasterxml\jackson\core\jackson-core\2.11.3\jackson-core-2.11.3.jar;F:\MAVEN_repository\com\fasterxml\jackson\datatype\jackson-datatype-jdk8\2.11.3\jackson-datatype-jdk8-2.11.3.jar;F:\MAVEN_repository\com\fasterxml\jackson\datatype\jackson-datatype-jsr310\2.11.3\jackson-datatype-jsr310-2.11.3.jar;F:\MAVEN_repository\com\fasterxml\jackson\module\jackson-module-parameter-names\2.11.3\jackson-module-parameter-names-2.11.3.jar;F:\MAVEN_repository\org\springframework\boot\spring-boot-starter-tomcat\2.4.1\spring-boot-starter-tomcat-2.4.1.jar;F:\MAVEN_repository\org\apache\tomcat\embed\tomcat-embed-core\9.0.41\tomcat-embed-core-9.0.41.jar;F:\MAVEN_repository\org\glassfish\jakarta.el\3.0.3\jakarta.el-3.0.3.jar;F:\MAVEN_repository\org\apache\tomcat\embed\tomcat-embed-websocket\9.0.41\tomcat-embed-websocket-9.0.41.jar;F:\MAVEN_repository\org\springframework\spring-web\5.3.2\spring-web-5.3.2.jar;F:\MAVEN_repository\org\springframework\spring-webmvc\5.3.2\spring-webmvc-5.3.2.jar;F:\MAVEN_repository\org\springframework\spring-expression\5.3.2\spring-expression-5.3.2.jar;F:\MAVEN_repository\org\mybatis\spring\boot\mybatis-spring-boot-starter\2.1.4\mybatis-spring-boot-starter-2.1.4.jar;F:\MAVEN_repository\org\mybatis\spring\boot\mybatis-spring-boot-autoconfigure\2.1.4\mybatis-spring-boot-autoconfigure-2.1.4.jar;F:\MAVEN_repository\org\mybatis\mybatis\3.5.6\mybatis-3.5.6.jar;F:\MAVEN_repository\org\mybatis\mybatis-spring\2.0.6\mybatis-spring-2.0.6.jar;F:\MAVEN_repository\mysql\mysql-connector-java\8.0.22\mysql-connector-java-8.0.22.jar;F:\MAVEN_repository\org\springframework\boot\spring-boot-starter-test\2.4.1\spring-boot-starter-test-2.4.1.jar;F:\MAVEN_repository\org\springframework\boot\spring-boot-test\2.4.1\spring-boot-test-2.4.1.jar;F:\MAVEN_repository\org\springframework\boot\spring-boot-test-autoconfigure\2.4.1\spring-boot-test-autoconfigure-2.4.1.jar;F:\MAVEN_repository\com\jayway\jsonpath\json-path\2.4.0\json-path-2.4.0.jar;F:\MAVEN_repository\net\minidev\json-smart\2.3\json-smart-2.3.jar;F:\MAVEN_repository\net\minidev\accessors-smart\1.2\accessors-smart-1.2.jar;F:\MAVEN_repository\org\ow2\asm\asm\5.0.4\asm-5.0.4.jar;F:\MAVEN_repository\jakarta\xml\bind\jakarta.xml.bind-api\2.3.3\jakarta.xml.bind-api-2.3.3.jar;F:\MAVEN_repository\jakarta\activation\jakarta.activation-api\1.2.2\jakarta.activation-api-1.2.2.jar;F:\MAVEN_repository\org\assertj\assertj-core\3.18.1\assertj-core-3.18.1.jar;F:\MAVEN_repository\org\hamcrest\hamcrest\2.2\hamcrest-2.2.jar;F:\MAVEN_repository\org\junit\jupiter\junit-jupiter\5.7.0\junit-jupiter-5.7.0.jar;F:\MAVEN_repository\org\junit\jupiter\junit-jupiter-api\5.7.0\junit-jupiter-api-5.7.0.jar;F:\MAVEN_repository\org\apiguardian\apiguardian-api\1.1.0\apiguardian-api-1.1.0.jar;F:\MAVEN_repository\org\opentest4j\opentest4j\1.2.0\opentest4j-1.2.0.jar;F:\MAVEN_repository\org\junit\platform\junit-platform-commons\1.7.0\junit-platform-commons-1.7.0.jar;F:\MAVEN_repository\org\junit\jupiter\junit-jupiter-params\5.7.0\junit-jupiter-params-5.7.0.jar;F:\MAVEN_repository\org\junit\jupiter\junit-jupiter-engine\5.7.0\junit-jupiter-engine-5.7.0.jar;F:\MAVEN_repository\org\junit\platform\junit-platform-engine\1.7.0\junit-platform-engine-1.7.0.jar;F:\MAVEN_repository\org\mockito\mockito-core\3.6.28\mockito-core-3.6.28.jar;F:\MAVEN_repository\net\bytebuddy\byte-buddy-agent\1.10.18\byte-buddy-agent-1.10.18.jar;F:\MAVEN_repository\org\objenesis\objenesis\3.1\objenesis-3.1.jar;F:\MAVEN_repository\org\mockito\mockito-junit-jupiter\3.6.28\mockito-junit-jupiter-3.6.28.jar;F:\MAVEN_repository\org\skyscreamer\jsonassert\1.5.0\jsonassert-1.5.0.jar;F:\MAVEN_repository\com\vaadin\external\google\android-json\0.0.20131108.vaadin1\android-json-0.0.20131108.vaadin1.jar;F:\MAVEN_repository\org\springframework\spring-core\5.3.2\spring-core-5.3.2.jar;F:\MAVEN_repository\org\springframework\spring-jcl\5.3.2\spring-jcl-5.3.2.jar;F:\MAVEN_repository\org\springframework\spring-test\5.3.2\spring-test-5.3.2.jar;F:\MAVEN_repository\org\xmlunit\xmlunit-core\2.7.0\xmlunit-core-2.7.0.jar;F:\MAVEN_repository\org\springframework\boot\spring-boot-starter-thymeleaf\2.4.1\spring-boot-starter-thymeleaf-2.4.1.jar;F:\MAVEN_repository\org\thymeleaf\thymeleaf-spring5\3.0.11.RELEASE\thymeleaf-spring5-3.0.11.RELEASE.jar;F:\MAVEN_repository\org\thymeleaf\thymeleaf\3.0.11.RELEASE\thymeleaf-3.0.11.RELEASE.jar;F:\MAVEN_repository\org\attoparser\attoparser\2.0.5.RELEASE\attoparser-2.0.5.RELEASE.jar;F:\MAVEN_repository\org\unbescape\unbescape\1.1.6.RELEASE\unbescape-1.1.6.RELEASE.jar;F:\MAVEN_repository\org\thymeleaf\extras\thymeleaf-extras-java8time\3.0.4.RELEASE\thymeleaf-extras-java8time-3.0.4.RELEASE.jar;F:\MAVEN_repository\org\webjars\vue\2.6.11\vue-2.6.11.jar;F:\MAVEN_repository\org\webjars\bootstrap\4.5.3\bootstrap-4.5.3.jar;F:\MAVEN_repository\org\webjars\popper.js\1.16.0\popper.js-1.16.0.jar;F:\MAVEN_repository\org\webjars\font-awesome\5.15.1\font-awesome-5.15.1.jar;F:\MAVEN_repository\com\alibaba\druid\1.2.3\druid-1.2.3.jar;F:\MAVEN_repository\javax\annotation\javax.annotation-api\1.3.2\javax.annotation-api-1.3.2.jar;F:\MAVEN_repository\org\webjars\layui\2.5.6\layui-2.5.6.jar;F:\MAVEN_repository\com\squareup\okhttp3\okhttp\4.9.0\okhttp-4.9.0.jar;F:\MAVEN_repository\com\squareup\okio\okio\2.8.0\okio-2.8.0.jar;F:\MAVEN_repository\org\jetbrains\kotlin\kotlin-stdlib-common\1.4.21\kotlin-stdlib-common-1.4.21.jar;F:\MAVEN_repository\org\jetbrains\kotlin\kotlin-stdlib\1.4.21\kotlin-stdlib-1.4.21.jar;F:\MAVEN_repository\org\jetbrains\annotations\13.0\annotations-13.0.jar;F:\MAVEN_repository\org\springframework\boot\spring-boot-configuration-processor\2.4.1\spring-boot-configuration-processor-2.4.1.jar;F:\MAVEN_repository\com\alibaba\fastjson\1.2.75\fastjson-1.2.75.jar;F:\MAVEN_repository\org\webjars\tether\1.4.0\tether-1.4.0.jar;F:\MAVEN_repository\org\webjars\jquery\3.5.1\jquery-3.5.1.jar;F:\MAVEN_repository\javax\mail\mail\1.4.7\mail-1.4.7.jar;F:\MAVEN_repository\javax\activation\activation\1.1\activation-1.1.jar;F:\MAVEN_repository\org\webjars\video-js\7.1.0\video-js-7.1.0.jar;F:\MAVEN_repository\com\github\pagehelper\pagehelper-spring-boot-starter\1.2.3\pagehelper-spring-boot-starter-1.2.3.jar;F:\MAVEN_repository\com\github\pagehelper\pagehelper-spring-boot-autoconfigure\1.2.3\pagehelper-spring-boot-autoconfigure-1.2.3.jar;F:\MAVEN_repository\com\github\pagehelper\pagehelper\5.1.2\pagehelper-5.1.2.jar;F:\MAVEN_repository\com\github\jsqlparser\jsqlparser\1.0\jsqlparser-1.0.jar;"/>
    <property name="java.vm.vendor" value="JetBrains s.r.o"/>
    <property name="sun.arch.data.model" value="64"/>
    <property name="user.variant" value=""/>
    <property name="java.vendor.url" value="https://www.jetbrains.com/"/>
    <property name="user.timezone" value="Asia/Shanghai"/>
    <property name="java.vm.specification.version" value="11"/>
    <property name="os.name" value="Windows 10"/>
    <property name="sun.java.launcher" value="SUN_STANDARD"/>
    <property name="user.country" value="CN"/>
    <property name="sun.boot.library.path" value="D:\IntelliJ IDEA 2019.3.1\jbr\bin"/>
    <property name="sun.java.command" value="C:\Users\ADMINI~1\AppData\Local\Temp\surefire12158745356055354078\surefirebooter2496736335244587255.jar C:\Users\Administrator\AppData\Local\Temp\surefire12158745356055354078 2021-01-22T09-37-18_528-jvmRun1 surefire7541910068874388387tmp surefire_017436233591843543869tmp"/>
    <property name="jdk.debug" value="release"/>
    <property name="surefire.test.class.path" value="F:\javaweb\videoweb\target\test-classes;F:\javaweb\videoweb\target\classes;F:\MAVEN_repository\org\springframework\boot\spring-boot-starter-data-jdbc\2.4.1\spring-boot-starter-data-jdbc-2.4.1.jar;F:\MAVEN_repository\org\springframework\data\spring-data-jdbc\2.1.2\spring-data-jdbc-2.1.2.jar;F:\MAVEN_repository\org\springframework\data\spring-data-relational\2.1.2\spring-data-relational-2.1.2.jar;F:\MAVEN_repository\org\springframework\data\spring-data-commons\2.4.2\spring-data-commons-2.4.2.jar;F:\MAVEN_repository\org\springframework\spring-tx\5.3.2\spring-tx-5.3.2.jar;F:\MAVEN_repository\org\springframework\spring-context\5.3.2\spring-context-5.3.2.jar;F:\MAVEN_repository\org\springframework\spring-beans\5.3.2\spring-beans-5.3.2.jar;F:\MAVEN_repository\org\slf4j\slf4j-api\1.7.30\slf4j-api-1.7.30.jar;F:\MAVEN_repository\org\springframework\boot\spring-boot-starter-data-jpa\2.4.1\spring-boot-starter-data-jpa-2.4.1.jar;F:\MAVEN_repository\org\springframework\boot\spring-boot-starter-aop\2.4.1\spring-boot-starter-aop-2.4.1.jar;F:\MAVEN_repository\org\springframework\spring-aop\5.3.2\spring-aop-5.3.2.jar;F:\MAVEN_repository\org\aspectj\aspectjweaver\1.9.6\aspectjweaver-1.9.6.jar;F:\MAVEN_repository\jakarta\transaction\jakarta.transaction-api\1.3.3\jakarta.transaction-api-1.3.3.jar;F:\MAVEN_repository\jakarta\persistence\jakarta.persistence-api\2.2.3\jakarta.persistence-api-2.2.3.jar;F:\MAVEN_repository\org\hibernate\hibernate-core\5.4.25.Final\hibernate-core-5.4.25.Final.jar;F:\MAVEN_repository\org\jboss\logging\jboss-logging\3.4.1.Final\jboss-logging-3.4.1.Final.jar;F:\MAVEN_repository\org\javassist\javassist\3.27.0-GA\javassist-3.27.0-GA.jar;F:\MAVEN_repository\net\bytebuddy\byte-buddy\1.10.18\byte-buddy-1.10.18.jar;F:\MAVEN_repository\antlr\antlr\2.7.7\antlr-2.7.7.jar;F:\MAVEN_repository\org\jboss\jandex\2.1.3.Final\jandex-2.1.3.Final.jar;F:\MAVEN_repository\com\fasterxml\classmate\1.5.1\classmate-1.5.1.jar;F:\MAVEN_repository\org\dom4j\dom4j\2.1.3\dom4j-2.1.3.jar;F:\MAVEN_repository\org\hibernate\common\hibernate-commons-annotations\5.1.2.Final\hibernate-commons-annotations-5.1.2.Final.jar;F:\MAVEN_repository\org\glassfish\jaxb\jaxb-runtime\2.3.3\jaxb-runtime-2.3.3.jar;F:\MAVEN_repository\org\glassfish\jaxb\txw2\2.3.3\txw2-2.3.3.jar;F:\MAVEN_repository\com\sun\istack\istack-commons-runtime\3.0.11\istack-commons-runtime-3.0.11.jar;F:\MAVEN_repository\com\sun\activation\jakarta.activation\1.2.2\jakarta.activation-1.2.2.jar;F:\MAVEN_repository\org\springframework\data\spring-data-jpa\2.4.2\spring-data-jpa-2.4.2.jar;F:\MAVEN_repository\org\springframework\spring-orm\5.3.2\spring-orm-5.3.2.jar;F:\MAVEN_repository\org\springframework\spring-aspects\5.3.2\spring-aspects-5.3.2.jar;F:\MAVEN_repository\org\springframework\boot\spring-boot-starter-jdbc\2.4.1\spring-boot-starter-jdbc-2.4.1.jar;F:\MAVEN_repository\org\springframework\boot\spring-boot-starter\2.4.1\spring-boot-starter-2.4.1.jar;F:\MAVEN_repository\org\springframework\boot\spring-boot\2.4.1\spring-boot-2.4.1.jar;F:\MAVEN_repository\org\springframework\boot\spring-boot-autoconfigure\2.4.1\spring-boot-autoconfigure-2.4.1.jar;F:\MAVEN_repository\org\springframework\boot\spring-boot-starter-logging\2.4.1\spring-boot-starter-logging-2.4.1.jar;F:\MAVEN_repository\ch\qos\logback\logback-classic\1.2.3\logback-classic-1.2.3.jar;F:\MAVEN_repository\ch\qos\logback\logback-core\1.2.3\logback-core-1.2.3.jar;F:\MAVEN_repository\org\apache\logging\log4j\log4j-to-slf4j\2.13.3\log4j-to-slf4j-2.13.3.jar;F:\MAVEN_repository\org\apache\logging\log4j\log4j-api\2.13.3\log4j-api-2.13.3.jar;F:\MAVEN_repository\org\slf4j\jul-to-slf4j\1.7.30\jul-to-slf4j-1.7.30.jar;F:\MAVEN_repository\jakarta\annotation\jakarta.annotation-api\1.3.5\jakarta.annotation-api-1.3.5.jar;F:\MAVEN_repository\org\yaml\snakeyaml\1.27\snakeyaml-1.27.jar;F:\MAVEN_repository\com\zaxxer\HikariCP\3.4.5\HikariCP-3.4.5.jar;F:\MAVEN_repository\org\springframework\spring-jdbc\5.3.2\spring-jdbc-5.3.2.jar;F:\MAVEN_repository\org\springframework\boot\spring-boot-starter-web\2.4.1\spring-boot-starter-web-2.4.1.jar;F:\MAVEN_repository\org\springframework\boot\spring-boot-starter-json\2.4.1\spring-boot-starter-json-2.4.1.jar;F:\MAVEN_repository\com\fasterxml\jackson\core\jackson-databind\2.11.3\jackson-databind-2.11.3.jar;F:\MAVEN_repository\com\fasterxml\jackson\core\jackson-annotations\2.11.3\jackson-annotations-2.11.3.jar;F:\MAVEN_repository\com\fasterxml\jackson\core\jackson-core\2.11.3\jackson-core-2.11.3.jar;F:\MAVEN_repository\com\fasterxml\jackson\datatype\jackson-datatype-jdk8\2.11.3\jackson-datatype-jdk8-2.11.3.jar;F:\MAVEN_repository\com\fasterxml\jackson\datatype\jackson-datatype-jsr310\2.11.3\jackson-datatype-jsr310-2.11.3.jar;F:\MAVEN_repository\com\fasterxml\jackson\module\jackson-module-parameter-names\2.11.3\jackson-module-parameter-names-2.11.3.jar;F:\MAVEN_repository\org\springframework\boot\spring-boot-starter-tomcat\2.4.1\spring-boot-starter-tomcat-2.4.1.jar;F:\MAVEN_repository\org\apache\tomcat\embed\tomcat-embed-core\9.0.41\tomcat-embed-core-9.0.41.jar;F:\MAVEN_repository\org\glassfish\jakarta.el\3.0.3\jakarta.el-3.0.3.jar;F:\MAVEN_repository\org\apache\tomcat\embed\tomcat-embed-websocket\9.0.41\tomcat-embed-websocket-9.0.41.jar;F:\MAVEN_repository\org\springframework\spring-web\5.3.2\spring-web-5.3.2.jar;F:\MAVEN_repository\org\springframework\spring-webmvc\5.3.2\spring-webmvc-5.3.2.jar;F:\MAVEN_repository\org\springframework\spring-expression\5.3.2\spring-expression-5.3.2.jar;F:\MAVEN_repository\org\mybatis\spring\boot\mybatis-spring-boot-starter\2.1.4\mybatis-spring-boot-starter-2.1.4.jar;F:\MAVEN_repository\org\mybatis\spring\boot\mybatis-spring-boot-autoconfigure\2.1.4\mybatis-spring-boot-autoconfigure-2.1.4.jar;F:\MAVEN_repository\org\mybatis\mybatis\3.5.6\mybatis-3.5.6.jar;F:\MAVEN_repository\org\mybatis\mybatis-spring\2.0.6\mybatis-spring-2.0.6.jar;F:\MAVEN_repository\mysql\mysql-connector-java\8.0.22\mysql-connector-java-8.0.22.jar;F:\MAVEN_repository\org\springframework\boot\spring-boot-starter-test\2.4.1\spring-boot-starter-test-2.4.1.jar;F:\MAVEN_repository\org\springframework\boot\spring-boot-test\2.4.1\spring-boot-test-2.4.1.jar;F:\MAVEN_repository\org\springframework\boot\spring-boot-test-autoconfigure\2.4.1\spring-boot-test-autoconfigure-2.4.1.jar;F:\MAVEN_repository\com\jayway\jsonpath\json-path\2.4.0\json-path-2.4.0.jar;F:\MAVEN_repository\net\minidev\json-smart\2.3\json-smart-2.3.jar;F:\MAVEN_repository\net\minidev\accessors-smart\1.2\accessors-smart-1.2.jar;F:\MAVEN_repository\org\ow2\asm\asm\5.0.4\asm-5.0.4.jar;F:\MAVEN_repository\jakarta\xml\bind\jakarta.xml.bind-api\2.3.3\jakarta.xml.bind-api-2.3.3.jar;F:\MAVEN_repository\jakarta\activation\jakarta.activation-api\1.2.2\jakarta.activation-api-1.2.2.jar;F:\MAVEN_repository\org\assertj\assertj-core\3.18.1\assertj-core-3.18.1.jar;F:\MAVEN_repository\org\hamcrest\hamcrest\2.2\hamcrest-2.2.jar;F:\MAVEN_repository\org\junit\jupiter\junit-jupiter\5.7.0\junit-jupiter-5.7.0.jar;F:\MAVEN_repository\org\junit\jupiter\junit-jupiter-api\5.7.0\junit-jupiter-api-5.7.0.jar;F:\MAVEN_repository\org\apiguardian\apiguardian-api\1.1.0\apiguardian-api-1.1.0.jar;F:\MAVEN_repository\org\opentest4j\opentest4j\1.2.0\opentest4j-1.2.0.jar;F:\MAVEN_repository\org\junit\platform\junit-platform-commons\1.7.0\junit-platform-commons-1.7.0.jar;F:\MAVEN_repository\org\junit\jupiter\junit-jupiter-params\5.7.0\junit-jupiter-params-5.7.0.jar;F:\MAVEN_repository\org\junit\jupiter\junit-jupiter-engine\5.7.0\junit-jupiter-engine-5.7.0.jar;F:\MAVEN_repository\org\junit\platform\junit-platform-engine\1.7.0\junit-platform-engine-1.7.0.jar;F:\MAVEN_repository\org\mockito\mockito-core\3.6.28\mockito-core-3.6.28.jar;F:\MAVEN_repository\net\bytebuddy\byte-buddy-agent\1.10.18\byte-buddy-agent-1.10.18.jar;F:\MAVEN_repository\org\objenesis\objenesis\3.1\objenesis-3.1.jar;F:\MAVEN_repository\org\mockito\mockito-junit-jupiter\3.6.28\mockito-junit-jupiter-3.6.28.jar;F:\MAVEN_repository\org\skyscreamer\jsonassert\1.5.0\jsonassert-1.5.0.jar;F:\MAVEN_repository\com\vaadin\external\google\android-json\0.0.20131108.vaadin1\android-json-0.0.20131108.vaadin1.jar;F:\MAVEN_repository\org\springframework\spring-core\5.3.2\spring-core-5.3.2.jar;F:\MAVEN_repository\org\springframework\spring-jcl\5.3.2\spring-jcl-5.3.2.jar;F:\MAVEN_repository\org\springframework\spring-test\5.3.2\spring-test-5.3.2.jar;F:\MAVEN_repository\org\xmlunit\xmlunit-core\2.7.0\xmlunit-core-2.7.0.jar;F:\MAVEN_repository\org\springframework\boot\spring-boot-starter-thymeleaf\2.4.1\spring-boot-starter-thymeleaf-2.4.1.jar;F:\MAVEN_repository\org\thymeleaf\thymeleaf-spring5\3.0.11.RELEASE\thymeleaf-spring5-3.0.11.RELEASE.jar;F:\MAVEN_repository\org\thymeleaf\thymeleaf\3.0.11.RELEASE\thymeleaf-3.0.11.RELEASE.jar;F:\MAVEN_repository\org\attoparser\attoparser\2.0.5.RELEASE\attoparser-2.0.5.RELEASE.jar;F:\MAVEN_repository\org\unbescape\unbescape\1.1.6.RELEASE\unbescape-1.1.6.RELEASE.jar;F:\MAVEN_repository\org\thymeleaf\extras\thymeleaf-extras-java8time\3.0.4.RELEASE\thymeleaf-extras-java8time-3.0.4.RELEASE.jar;F:\MAVEN_repository\org\webjars\vue\2.6.11\vue-2.6.11.jar;F:\MAVEN_repository\org\webjars\bootstrap\4.5.3\bootstrap-4.5.3.jar;F:\MAVEN_repository\org\webjars\popper.js\1.16.0\popper.js-1.16.0.jar;F:\MAVEN_repository\org\webjars\font-awesome\5.15.1\font-awesome-5.15.1.jar;F:\MAVEN_repository\com\alibaba\druid\1.2.3\druid-1.2.3.jar;F:\MAVEN_repository\javax\annotation\javax.annotation-api\1.3.2\javax.annotation-api-1.3.2.jar;F:\MAVEN_repository\org\webjars\layui\2.5.6\layui-2.5.6.jar;F:\MAVEN_repository\com\squareup\okhttp3\okhttp\4.9.0\okhttp-4.9.0.jar;F:\MAVEN_repository\com\squareup\okio\okio\2.8.0\okio-2.8.0.jar;F:\MAVEN_repository\org\jetbrains\kotlin\kotlin-stdlib-common\1.4.21\kotlin-stdlib-common-1.4.21.jar;F:\MAVEN_repository\org\jetbrains\kotlin\kotlin-stdlib\1.4.21\kotlin-stdlib-1.4.21.jar;F:\MAVEN_repository\org\jetbrains\annotations\13.0\annotations-13.0.jar;F:\MAVEN_repository\org\springframework\boot\spring-boot-configuration-processor\2.4.1\spring-boot-configuration-processor-2.4.1.jar;F:\MAVEN_repository\com\alibaba\fastjson\1.2.75\fastjson-1.2.75.jar;F:\MAVEN_repository\org\webjars\tether\1.4.0\tether-1.4.0.jar;F:\MAVEN_repository\org\webjars\jquery\3.5.1\jquery-3.5.1.jar;F:\MAVEN_repository\javax\mail\mail\1.4.7\mail-1.4.7.jar;F:\MAVEN_repository\javax\activation\activation\1.1\activation-1.1.jar;F:\MAVEN_repository\org\webjars\video-js\7.1.0\video-js-7.1.0.jar;F:\MAVEN_repository\com\github\pagehelper\pagehelper-spring-boot-starter\1.2.3\pagehelper-spring-boot-starter-1.2.3.jar;F:\MAVEN_repository\com\github\pagehelper\pagehelper-spring-boot-autoconfigure\1.2.3\pagehelper-spring-boot-autoconfigure-1.2.3.jar;F:\MAVEN_repository\com\github\pagehelper\pagehelper\5.1.2\pagehelper-5.1.2.jar;F:\MAVEN_repository\com\github\jsqlparser\jsqlparser\1.0\jsqlparser-1.0.jar;"/>
    <property name="sun.cpu.endian" value="little"/>
    <property name="user.home" value="C:\Users\Administrator"/>
    <property name="user.language" value="zh"/>
    <property name="java.specification.vendor" value="Oracle Corporation"/>
    <property name="java.version.date" value="2019-10-15"/>
    <property name="java.home" value="D:\IntelliJ IDEA 2019.3.1\jbr"/>
    <property name="file.separator" value="\"/>
    <property name="basedir" value="F:\javaweb\videoweb"/>
    <property name="java.vm.compressedOopsMode" value="Zero based"/>
    <property name="line.separator" value="&#10;"/>
    <property name="java.specification.name" value="Java Platform API Specification"/>
    <property name="java.vm.specification.vendor" value="Oracle Corporation"/>
    <property name="java.awt.graphicsenv" value="sun.awt.Win32GraphicsEnvironment"/>
    <property name="surefire.real.class.path" value="C:\Users\ADMINI~1\AppData\Local\Temp\surefire12158745356055354078\surefirebooter2496736335244587255.jar"/>
    <property name="user.script" value=""/>
    <property name="sun.management.compiler" value="HotSpot 64-Bit Tiered Compilers"/>
    <property name="java.runtime.version" value="11.0.5+10-b520.17"/>
    <property name="user.name" value="Administrator"/>
    <property name="path.separator" value=";"/>
    <property name="os.version" value="10.0"/>
    <property name="java.runtime.name" value="OpenJDK Runtime Environment"/>
    <property name="file.encoding" value="GBK"/>
    <property name="java.vm.name" value="OpenJDK 64-Bit Server VM"/>
    <property name="localRepository" value="F:\MAVEN_repository"/>
    <property name="java.vendor.url.bug" value="https://youtrack.jetbrains.com"/>
    <property name="java.io.tmpdir" value="C:\Users\ADMINI~1\AppData\Local\Temp\"/>
    <property name="java.version" value="11.0.5"/>
    <property name="user.dir" value="F:\javaweb\videoweb"/>
    <property name="os.arch" value="amd64"/>
    <property name="java.vm.specification.name" value="Java Virtual Machine Specification"/>
    <property name="java.awt.printerjob" value="sun.awt.windows.WPrinterJob"/>
    <property name="idea.version2019.3.1" value="true"/>
    <property name="sun.os.patch.level" value=""/>
    <property name="java.library.path" value="D:\IntelliJ IDEA 2019.3.1\jbr\bin;C:\WINDOWS\Sun\Java\bin;C:\WINDOWS\system32;C:\WINDOWS;D:\activePerl\site\bin;D:\activePerl\bin;D:\py3\Scripts\;D:\py3\;C:\Windows\system32;C:\Windows;C:\Windows\System32\Wbem;C:\Windows\System32\WindowsPowerShell\v1.0\;C:\Windows\System32\OpenSSH\;C:\Program Files (x86)\NVIDIA Corporation\PhysX\Common;D:\java\bin;D:\java\jre\bin;D:\apache-maven-3.6.2\bin;C:\Program Files (x86)\Windows Kits\8.1\Windows Performance Toolkit\;C:\Program Files\NVIDIA Corporation\NVIDIA NvDLISR;D:\SQLserver\150\Tools\Binn\;C:\Program Files\Microsoft SQL Server\150\Tools\Binn\;D:\SQLserver\150\DTS\Binn\;C:\Program Files\Microsoft SQL Server\150\DTS\Binn\;C:\Program Files\Microsoft SQL Server\Client SDK\ODBC\170\Tools\Binn\;D:\tomcat\lib;D:\tomcat\bin;C:\WINDOWS\system32;C:\WINDOWS;C:\WINDOWS\System32\Wbem;C:\WINDOWS\System32\WindowsPowerShell\v1.0\;C:\WINDOWS\System32\OpenSSH\;D:\nodeJS\;D:\Git\cmd;C:\Program Files\dotnet\;D:\sqlite3;D:\Apache_Maven\bin;D:\py3\Scripts\;D:\py3\;C:\Users\Administrator\AppData\Local\Microsoft\WindowsApps;;D:\PyCharm 2019.3.4\bin;;D:\Microsoft VS Code\bin;C:\Users\Administrator\AppData\Roaming\npm;D:\Fiddler;C:\Users\Administrator\.dotnet\tools;."/>
    <property name="java.vendor" value="JetBrains s.r.o"/>
    <property name="java.vm.info" value="mixed mode, sharing"/>
    <property name="java.vm.version" value="11.0.5+10-b520.17"/>
    <property name="sun.io.unicode.encoding" value="UnicodeLittle"/>
    <property name="java.class.version" value="55.0"/>
  </properties>
  <testcase name="contextLoads" classname="com.little.anotherwebuploadtest.AnotherWebUploadtestApplicationTests" time="0.449"/>
</testsuite>